[INFO ][2023-06-25 21:30:10]Starting LightEproApplication using Java 1.8.0_371 on DOHA with PID 34540 (C:\Users\DOHA\Desktop\서야무\Spring\LightEpro\LightEpro\build\classes\java\main started by DOHA in C:\Users\DOHA\Desktop\서야무\Spring\LightEpro\LightEpro)
[INFO ][2023-06-25 21:30:10]No active profile set, falling back to 1 default profile: "default"
[INFO ][2023-06-25 21:30:11]Started LightEproApplication in 1.388 seconds (JVM running for 2.378)
[INFO ][2023-06-25 21:30:14]SCH_001 START !!!
[INFO ][2023-06-25 21:30:14]HikariPool-1 - Starting...
[INFO ][2023-06-25 21:30:14]HikariPool-1 - Start completed.
[INFO ][2023-06-25 21:30:14]SCH_001 END !!!
[INFO ][2023-06-25 21:30:22]HikariPool-1 - Shutdown initiated...
[INFO ][2023-06-25 21:30:22]HikariPool-1 - Shutdown completed.
[INFO ][2023-06-25 21:30:25]Starting LightEproApplication using Java 1.8.0_371 on DOHA with PID 13564 (C:\Users\DOHA\Desktop\서야무\Spring\LightEpro\LightEpro\build\classes\java\main started by DOHA in C:\Users\DOHA\Desktop\서야무\Spring\LightEpro\LightEpro)
[INFO ][2023-06-25 21:30:25]No active profile set, falling back to 1 default profile: "default"
[INFO ][2023-06-25 21:30:26]Started LightEproApplication in 1.377 seconds (JVM running for 2.349)
[INFO ][2023-06-25 21:30:29]SCH_001 START !!!
[INFO ][2023-06-25 21:30:29]HikariPool-1 - Starting...
[INFO ][2023-06-25 21:30:29]HikariPool-1 - Start completed.
[INFO ][2023-06-25 21:30:29]SCH_001 END !!!
[INFO ][2023-06-25 21:30:41]HikariPool-1 - Shutdown initiated...
[INFO ][2023-06-25 21:30:41]HikariPool-1 - Shutdown completed.
[INFO ][2023-06-25 21:30:43]Starting LightEproApplication using Java 1.8.0_371 on DOHA with PID 30448 (C:\Users\DOHA\Desktop\서야무\Spring\LightEpro\LightEpro\build\classes\java\main started by DOHA in C:\Users\DOHA\Desktop\서야무\Spring\LightEpro\LightEpro)
[INFO ][2023-06-25 21:30:43]No active profile set, falling back to 1 default profile: "default"
[INFO ][2023-06-25 21:30:44]Started LightEproApplication in 1.414 seconds (JVM running for 2.407)
[INFO ][2023-06-25 21:31:00]SCH_001 START !!!
[INFO ][2023-06-25 21:31:00]HikariPool-1 - Starting...
[INFO ][2023-06-25 21:31:00]HikariPool-1 - Start completed.
[INFO ][2023-06-25 21:31:00]SCH_001 END !!!
[INFO ][2023-06-25 21:31:09]HikariPool-1 - Shutdown initiated...
[INFO ][2023-06-25 21:31:09]HikariPool-1 - Shutdown completed.
[INFO ][2023-06-25 21:31:12]Starting LightEproApplication using Java 1.8.0_371 on DOHA with PID 844 (C:\Users\DOHA\Desktop\서야무\Spring\LightEpro\LightEpro\build\classes\java\main started by DOHA in C:\Users\DOHA\Desktop\서야무\Spring\LightEpro\LightEpro)
[INFO ][2023-06-25 21:31:12]No active profile set, falling back to 1 default profile: "default"
[INFO ][2023-06-25 21:31:13]Started LightEproApplication in 1.379 seconds (JVM running for 2.369)
[INFO ][2023-06-25 21:31:15]SCH_001 START !!!
[INFO ][2023-06-25 21:31:15]HikariPool-1 - Starting...
[INFO ][2023-06-25 21:31:15]HikariPool-1 - Start completed.
[INFO ][2023-06-25 21:31:15]SCH_001 END !!!
[INFO ][2023-06-25 21:31:24]HikariPool-1 - Shutdown initiated...
[INFO ][2023-06-25 21:31:24]HikariPool-1 - Shutdown completed.
[INFO ][2023-06-25 21:31:26]Starting LightEproApplication using Java 1.8.0_371 on DOHA with PID 30908 (C:\Users\DOHA\Desktop\서야무\Spring\LightEpro\LightEpro\build\classes\java\main started by DOHA in C:\Users\DOHA\Desktop\서야무\Spring\LightEpro\LightEpro)
[INFO ][2023-06-25 21:31:26]No active profile set, falling back to 1 default profile: "default"
[INFO ][2023-06-25 21:31:27]Started LightEproApplication in 1.414 seconds (JVM running for 2.403)
[INFO ][2023-06-25 21:31:29]SCH_001 START !!!
[INFO ][2023-06-25 21:31:29]HikariPool-1 - Starting...
[INFO ][2023-06-25 21:31:29]HikariPool-1 - Start completed.
[INFO ][2023-06-25 21:31:29]SCH_001 END !!!
[INFO ][2023-06-25 21:31:59]HikariPool-1 - Shutdown initiated...
[INFO ][2023-06-25 21:31:59]HikariPool-1 - Shutdown completed.
[INFO ][2023-06-25 21:32:01]Starting LightEproApplication using Java 1.8.0_371 on DOHA with PID 30656 (C:\Users\DOHA\Desktop\서야무\Spring\LightEpro\LightEpro\build\classes\java\main started by DOHA in C:\Users\DOHA\Desktop\서야무\Spring\LightEpro\LightEpro)
[INFO ][2023-06-25 21:32:01]No active profile set, falling back to 1 default profile: "default"
[INFO ][2023-06-25 21:32:02]Started LightEproApplication in 1.42 seconds (JVM running for 2.404)
[INFO ][2023-06-25 21:32:08]SCH_001 START !!!
[INFO ][2023-06-25 21:32:08]HikariPool-1 - Starting...
[INFO ][2023-06-25 21:32:08]HikariPool-1 - Start completed.
[INFO ][2023-06-25 21:32:08]SCH_001 END !!!
[INFO ][2023-06-25 21:32:18]HikariPool-1 - Shutdown initiated...
[INFO ][2023-06-25 21:32:18]HikariPool-1 - Shutdown completed.
[INFO ][2023-06-25 21:32:20]Starting LightEproApplication using Java 1.8.0_371 on DOHA with PID 25264 (C:\Users\DOHA\Desktop\서야무\Spring\LightEpro\LightEpro\build\classes\java\main started by DOHA in C:\Users\DOHA\Desktop\서야무\Spring\LightEpro\LightEpro)
[INFO ][2023-06-25 21:32:20]No active profile set, falling back to 1 default profile: "default"
[INFO ][2023-06-25 21:32:22]Started LightEproApplication in 1.441 seconds (JVM running for 2.435)
[INFO ][2023-06-25 21:32:22]SCH_001 START !!!
[INFO ][2023-06-25 21:32:22]HikariPool-1 - Starting...
[INFO ][2023-06-25 21:32:22]HikariPool-1 - Start completed.
[INFO ][2023-06-25 21:32:22]SCH_001 END !!!
[INFO ][2023-06-25 21:34:35]HikariPool-1 - Shutdown initiated...
[INFO ][2023-06-25 21:34:35]HikariPool-1 - Shutdown completed.
[INFO ][2023-06-25 21:34:38]Starting LightEproApplication using Java 1.8.0_371 on DOHA with PID 9620 (C:\Users\DOHA\Desktop\서야무\Spring\LightEpro\LightEpro\build\classes\java\main started by DOHA in C:\Users\DOHA\Desktop\서야무\Spring\LightEpro\LightEpro)
[INFO ][2023-06-25 21:34:38]No active profile set, falling back to 1 default profile: "default"
[INFO ][2023-06-25 21:34:39]Started LightEproApplication in 1.426 seconds (JVM running for 2.426)
[INFO ][2023-06-25 21:34:42]SCH_001 START !!!
[INFO ][2023-06-25 21:34:42]HikariPool-1 - Starting...
[INFO ][2023-06-25 21:34:43]HikariPool-1 - Start completed.
[INFO ][2023-06-25 21:34:43]SCH_001 END !!!
[INFO ][2023-06-25 21:37:04]HikariPool-1 - Shutdown initiated...
[INFO ][2023-06-25 21:37:04]HikariPool-1 - Shutdown completed.
[INFO ][2023-06-25 21:37:07]Starting LightEproApplication using Java 1.8.0_371 on DOHA with PID 26256 (C:\Users\DOHA\Desktop\서야무\Spring\LightEpro\LightEpro\build\classes\java\main started by DOHA in C:\Users\DOHA\Desktop\서야무\Spring\LightEpro\LightEpro)
[INFO ][2023-06-25 21:37:07]No active profile set, falling back to 1 default profile: "default"
[INFO ][2023-06-25 21:37:08]Started LightEproApplication in 1.429 seconds (JVM running for 2.416)
[INFO ][2023-06-25 21:37:16]SCH_001 START !!!
[INFO ][2023-06-25 21:37:16]HikariPool-1 - Starting...
[INFO ][2023-06-25 21:37:16]HikariPool-1 - Start completed.
[INFO ][2023-06-25 21:37:16]SCH_001 END !!!
[INFO ][2023-06-25 21:44:41]HikariPool-1 - Shutdown initiated...
[INFO ][2023-06-25 21:44:41]HikariPool-1 - Shutdown completed.
[INFO ][2023-06-25 21:44:43]Starting LightEproApplication using Java 1.8.0_371 on DOHA with PID 22012 (C:\Users\DOHA\Desktop\서야무\Spring\LightEpro\LightEpro\build\classes\java\main started by DOHA in C:\Users\DOHA\Desktop\서야무\Spring\LightEpro\LightEpro)
[INFO ][2023-06-25 21:44:43]No active profile set, falling back to 1 default profile: "default"
[INFO ][2023-06-25 21:44:44]Started LightEproApplication in 1.378 seconds (JVM running for 2.361)
[INFO ][2023-06-25 21:44:48]SCH_001 START !!!
[INFO ][2023-06-25 21:44:48]HikariPool-1 - Starting...
[INFO ][2023-06-25 21:44:48]HikariPool-1 - Start completed.
[INFO ][2023-06-25 21:44:48]SCH_001 END !!!
[INFO ][2023-06-25 21:45:18]HikariPool-1 - Shutdown initiated...
[INFO ][2023-06-25 21:45:18]HikariPool-1 - Shutdown completed.
[INFO ][2023-06-25 21:45:20]Starting LightEproApplication using Java 1.8.0_371 on DOHA with PID 29192 (C:\Users\DOHA\Desktop\서야무\Spring\LightEpro\LightEpro\build\classes\java\main started by DOHA in C:\Users\DOHA\Desktop\서야무\Spring\LightEpro\LightEpro)
[INFO ][2023-06-25 21:45:20]No active profile set, falling back to 1 default profile: "default"
[INFO ][2023-06-25 21:45:21]Started LightEproApplication in 1.382 seconds (JVM running for 2.373)
[INFO ][2023-06-25 21:45:24]SCH_001 START !!!
[INFO ][2023-06-25 21:45:24]HikariPool-1 - Starting...
[INFO ][2023-06-25 21:45:24]HikariPool-1 - Start completed.
[INFO ][2023-06-25 21:45:24]SCH_001 END !!!
[INFO ][2023-06-25 21:50:59]HikariPool-1 - Shutdown initiated...
[INFO ][2023-06-25 21:50:59]HikariPool-1 - Shutdown completed.
[INFO ][2023-06-25 21:51:02]Starting LightEproApplication using Java 1.8.0_371 on DOHA with PID 31248 (C:\Users\DOHA\Desktop\서야무\Spring\LightEpro\LightEpro\build\classes\java\main started by DOHA in C:\Users\DOHA\Desktop\서야무\Spring\LightEpro\LightEpro)
[INFO ][2023-06-25 21:51:02]No active profile set, falling back to 1 default profile: "default"
[INFO ][2023-06-25 21:51:03]Started LightEproApplication in 1.386 seconds (JVM running for 2.398)
[INFO ][2023-06-25 21:51:14]SCH_001 START !!!
[INFO ][2023-06-25 21:51:14]HikariPool-1 - Starting...
[INFO ][2023-06-25 21:51:14]HikariPool-1 - Start completed.
[INFO ][2023-06-25 21:51:14]SCH_001 END !!!
[INFO ][2023-06-25 21:52:17]HikariPool-1 - Shutdown initiated...
[INFO ][2023-06-25 21:52:17]HikariPool-1 - Shutdown completed.
[INFO ][2023-06-25 21:52:20]Starting LightEproApplication using Java 1.8.0_371 on DOHA with PID 11048 (C:\Users\DOHA\Desktop\서야무\Spring\LightEpro\LightEpro\build\classes\java\main started by DOHA in C:\Users\DOHA\Desktop\서야무\Spring\LightEpro\LightEpro)
[INFO ][2023-06-25 21:52:20]No active profile set, falling back to 1 default profile: "default"
[INFO ][2023-06-25 21:52:21]Started LightEproApplication in 1.378 seconds (JVM running for 2.39)
[INFO ][2023-06-25 21:53:02]Starting LightEproApplication using Java 1.8.0_371 on DOHA with PID 2456 (C:\Users\DOHA\Desktop\서야무\Spring\LightEpro\LightEpro\build\classes\java\main started by DOHA in C:\Users\DOHA\Desktop\서야무\Spring\LightEpro\LightEpro)
[INFO ][2023-06-25 21:53:02]No active profile set, falling back to 1 default profile: "default"
[INFO ][2023-06-25 21:53:03]Started LightEproApplication in 1.385 seconds (JVM running for 2.373)
[INFO ][2023-06-25 21:53:18]Starting LightEproApplication using Java 1.8.0_371 on DOHA with PID 11692 (C:\Users\DOHA\Desktop\서야무\Spring\LightEpro\LightEpro\build\classes\java\main started by DOHA in C:\Users\DOHA\Desktop\서야무\Spring\LightEpro\LightEpro)
[INFO ][2023-06-25 21:53:18]No active profile set, falling back to 1 default profile: "default"
[INFO ][2023-06-25 21:53:19]Started LightEproApplication in 1.37 seconds (JVM running for 2.385)
[INFO ][2023-06-25 21:53:25]SCH_001 START !!!
[INFO ][2023-06-25 21:53:25]HikariPool-1 - Starting...
[INFO ][2023-06-25 21:53:25]HikariPool-1 - Start completed.
[INFO ][2023-06-25 21:53:25]SCH_001 END !!!
[INFO ][2023-06-25 21:53:54]HikariPool-1 - Shutdown initiated...
[INFO ][2023-06-25 21:53:54]HikariPool-1 - Shutdown completed.
[INFO ][2023-06-25 21:53:56]Starting LightEproApplication using Java 1.8.0_371 on DOHA with PID 20844 (C:\Users\DOHA\Desktop\서야무\Spring\LightEpro\LightEpro\build\classes\java\main started by DOHA in C:\Users\DOHA\Desktop\서야무\Spring\LightEpro\LightEpro)
[INFO ][2023-06-25 21:53:56]No active profile set, falling back to 1 default profile: "default"
[INFO ][2023-06-25 21:53:57]Started LightEproApplication in 1.378 seconds (JVM running for 2.376)
[INFO ][2023-06-25 21:54:09]Starting LightEproApplication using Java 1.8.0_371 on DOHA with PID 1692 (C:\Users\DOHA\Desktop\서야무\Spring\LightEpro\LightEpro\build\classes\java\main started by DOHA in C:\Users\DOHA\Desktop\서야무\Spring\LightEpro\LightEpro)
[INFO ][2023-06-25 21:54:09]No active profile set, falling back to 1 default profile: "default"
[INFO ][2023-06-25 21:54:10]Started LightEproApplication in 1.383 seconds (JVM running for 2.4)
[INFO ][2023-06-25 21:54:15]SCH_001 START !!!
[INFO ][2023-06-25 21:54:15]HikariPool-1 - Starting...
[INFO ][2023-06-25 21:54:15]HikariPool-1 - Start completed.
[INFO ][2023-06-25 21:54:15]SCH_001 END !!!
[INFO ][2023-06-25 21:56:10]SCH_001 START !!!
[INFO ][2023-06-25 21:56:10]SCH_001 END !!!
[INFO ][2023-06-25 21:56:49]HikariPool-1 - Shutdown initiated...
[INFO ][2023-06-25 21:56:49]HikariPool-1 - Shutdown completed.
[INFO ][2023-06-25 21:56:51]Starting LightEproApplication using Java 1.8.0_371 on DOHA with PID 13072 (C:\Users\DOHA\Desktop\서야무\Spring\LightEpro\LightEpro\build\classes\java\main started by DOHA in C:\Users\DOHA\Desktop\서야무\Spring\LightEpro\LightEpro)
[INFO ][2023-06-25 21:56:51]No active profile set, falling back to 1 default profile: "default"
[INFO ][2023-06-25 21:56:52]Started LightEproApplication in 1.384 seconds (JVM running for 2.425)
[INFO ][2023-06-25 21:57:07]SCH_001 START !!!
[INFO ][2023-06-25 21:57:07]HikariPool-1 - Starting...
[INFO ][2023-06-25 21:57:08]HikariPool-1 - Start completed.
[INFO ][2023-06-25 21:57:08]SCH_001 END !!!
[INFO ][2023-06-25 21:57:43]HikariPool-1 - Shutdown initiated...
[INFO ][2023-06-25 21:57:43]HikariPool-1 - Shutdown completed.
[INFO ][2023-06-25 21:57:45]Starting LightEproApplication using Java 1.8.0_371 on DOHA with PID 26744 (C:\Users\DOHA\Desktop\서야무\Spring\LightEpro\LightEpro\build\classes\java\main started by DOHA in C:\Users\DOHA\Desktop\서야무\Spring\LightEpro\LightEpro)
[INFO ][2023-06-25 21:57:45]No active profile set, falling back to 1 default profile: "default"
[INFO ][2023-06-25 21:57:46]Started LightEproApplication in 1.375 seconds (JVM running for 2.402)
[INFO ][2023-06-25 21:58:00]Starting LightEproApplication using Java 1.8.0_371 on DOHA with PID 19772 (C:\Users\DOHA\Desktop\서야무\Spring\LightEpro\LightEpro\build\classes\java\main started by DOHA in C:\Users\DOHA\Desktop\서야무\Spring\LightEpro\LightEpro)
[INFO ][2023-06-25 21:58:00]No active profile set, falling back to 1 default profile: "default"
[INFO ][2023-06-25 21:58:01]Started LightEproApplication in 1.393 seconds (JVM running for 2.412)
[INFO ][2023-06-25 21:58:24]Starting LightEproApplication using Java 1.8.0_371 on DOHA with PID 33288 (C:\Users\DOHA\Desktop\서야무\Spring\LightEpro\LightEpro\build\classes\java\main started by DOHA in C:\Users\DOHA\Desktop\서야무\Spring\LightEpro\LightEpro)
[INFO ][2023-06-25 21:58:24]No active profile set, falling back to 1 default profile: "default"
[INFO ][2023-06-25 21:58:25]Started LightEproApplication in 1.38 seconds (JVM running for 2.435)
[INFO ][2023-06-25 21:59:07]SCH_001 START !!!
[INFO ][2023-06-25 21:59:07]HikariPool-1 - Starting...
[INFO ][2023-06-25 21:59:08]HikariPool-1 - Start completed.
[INFO ][2023-06-25 21:59:08]SCH_001 END !!!
[INFO ][2023-06-25 22:00:19]HikariPool-1 - Shutdown initiated...
[INFO ][2023-06-25 22:00:19]HikariPool-1 - Shutdown completed.
[INFO ][2023-06-25 22:00:22]Starting LightEproApplication using Java 1.8.0_371 on DOHA with PID 27912 (C:\Users\DOHA\Desktop\서야무\Spring\LightEpro\LightEpro\build\classes\java\main started by DOHA in C:\Users\DOHA\Desktop\서야무\Spring\LightEpro\LightEpro)
[INFO ][2023-06-25 22:00:22]No active profile set, falling back to 1 default profile: "default"
[INFO ][2023-06-25 22:00:23]Started LightEproApplication in 1.39 seconds (JVM running for 2.348)
[INFO ][2023-06-25 22:00:26]SCH_001 START !!!
[INFO ][2023-06-25 22:00:26]HikariPool-1 - Starting...
[INFO ][2023-06-25 22:00:26]HikariPool-1 - Start completed.
[INFO ][2023-06-25 22:00:26]SCH_001 END !!!
[INFO ][2023-06-25 22:01:55]HikariPool-1 - Shutdown initiated...
[INFO ][2023-06-25 22:01:55]HikariPool-1 - Shutdown completed.
[INFO ][2023-06-25 22:01:58]Starting LightEproApplication using Java 1.8.0_371 on DOHA with PID 10652 (C:\Users\DOHA\Desktop\서야무\Spring\LightEpro\LightEpro\build\classes\java\main started by DOHA in C:\Users\DOHA\Desktop\서야무\Spring\LightEpro\LightEpro)
[INFO ][2023-06-25 22:01:58]No active profile set, falling back to 1 default profile: "default"
[INFO ][2023-06-25 22:01:59]Started LightEproApplication in 1.417 seconds (JVM running for 2.404)
[INFO ][2023-06-25 22:02:30]Starting LightEproApplication using Java 1.8.0_371 on DOHA with PID 19380 (C:\Users\DOHA\Desktop\서야무\Spring\LightEpro\LightEpro\build\classes\java\main started by DOHA in C:\Users\DOHA\Desktop\서야무\Spring\LightEpro\LightEpro)
[INFO ][2023-06-25 22:02:31]No active profile set, falling back to 1 default profile: "default"
[INFO ][2023-06-25 22:02:32]Started LightEproApplication in 1.385 seconds (JVM running for 2.346)
[INFO ][2023-06-25 22:02:42]SCH_001 START !!!
[INFO ][2023-06-25 22:02:42]SCH_001 REQUEST : {}
[INFO ][2023-06-25 22:02:42]HikariPool-1 - Starting...
[INFO ][2023-06-25 22:02:42]HikariPool-1 - Start completed.
[INFO ][2023-06-25 22:02:42]SCH_001 RETURN DATA : [{schSeq4=2, schSeq3=2, schmSeq=1, schmSeq4=1, schSeq2=2, schmSeq3=1, schSeq=2, schSeq1=2, schmSeq2=1, schmSeq1=1}]
[INFO ][2023-06-25 22:02:42]SCH_001 END !!!
[INFO ][2023-06-25 22:03:44]SCH_001 START !!!
[INFO ][2023-06-25 22:03:44]SCH_001 REQUEST : {}
[INFO ][2023-06-25 22:03:44]SCH_001 RETURN DATA : [{schSeq4=2, schSeq3=2, schmSeq=1, schmSeq4=1, schSeq2=2, schmSeq3=1, schSeq=2, schSeq1=2, schmSeq2=1, schmSeq1=1}]
[INFO ][2023-06-25 22:03:44]SCH_001 END !!!
[INFO ][2023-06-25 22:05:13]SCH_001 START !!!
[INFO ][2023-06-25 22:05:13]SCH_001 REQUEST : {}
[INFO ][2023-06-25 22:05:13]SCH_001 RETURN DATA : [{schSeq4=2, schSeq3=2, schmSeq=1, schmSeq4=1, schSeq2=2, schmSeq3=1, schSeq=2, schSeq1=2, schmSeq2=1, schmSeq1=1}]
[INFO ][2023-06-25 22:05:13]SCH_001 END !!!
[INFO ][2023-06-25 22:06:32]HikariPool-1 - Shutdown initiated...
[INFO ][2023-06-25 22:06:32]HikariPool-1 - Shutdown completed.
[INFO ][2023-06-25 22:06:35]Starting LightEproApplication using Java 1.8.0_371 on DOHA with PID 33644 (C:\Users\DOHA\Desktop\서야무\Spring\LightEpro\LightEpro\build\classes\java\main started by DOHA in C:\Users\DOHA\Desktop\서야무\Spring\LightEpro\LightEpro)
[INFO ][2023-06-25 22:06:35]No active profile set, falling back to 1 default profile: "default"
[INFO ][2023-06-25 22:06:36]Started LightEproApplication in 1.406 seconds (JVM running for 2.372)
[INFO ][2023-06-25 22:07:17]Starting LightEproApplication using Java 1.8.0_371 on DOHA with PID 20440 (C:\Users\DOHA\Desktop\서야무\Spring\LightEpro\LightEpro\build\classes\java\main started by DOHA in C:\Users\DOHA\Desktop\서야무\Spring\LightEpro\LightEpro)
[INFO ][2023-06-25 22:07:17]No active profile set, falling back to 1 default profile: "default"
[INFO ][2023-06-25 22:07:18]Started LightEproApplication in 1.437 seconds (JVM running for 2.415)
[INFO ][2023-06-25 22:07:39]SCH_001 START !!!
[INFO ][2023-06-25 22:07:39]SCH_001 REQUEST : {}
[INFO ][2023-06-25 22:07:39]HikariPool-1 - Starting...
[INFO ][2023-06-25 22:07:39]HikariPool-1 - Start completed.
[INFO ][2023-06-25 22:07:39]SCH_001 RETURN DATA : [{schSeq4=2, schSeq3=2, schmSeq=1, schmSeq4=1, schSeq2=2, schmSeq3=1, schSeq=2, schSeq1=2, schmSeq2=1, schmSeq1=1}]
[INFO ][2023-06-25 22:07:39]SCH_001 END !!!
[INFO ][2023-06-25 22:08:25]SCH_001 START !!!
[INFO ][2023-06-25 22:08:25]SCH_001 REQUEST : {}
[INFO ][2023-06-25 22:08:25]SCH_001 RETURN DATA : [{schSeq4=2, schSeq3=2, schmSeq=1, schmSeq4=1, schSeq2=2, schmSeq3=1, schSeq=2, schSeq1=2, schmSeq2=1, schmSeq1=1}]
[INFO ][2023-06-25 22:08:25]SCH_001 END !!!
[INFO ][2023-06-25 22:09:32]SCH_001 START !!!
[INFO ][2023-06-25 22:09:32]SCH_001 REQUEST : {}
[INFO ][2023-06-25 22:09:32]SCH_001 RETURN DATA : [{schSeq4=2, schSeq3=2, schmSeq=1, schmSeq4=1, schSeq2=2, schmSeq3=1, schSeq=2, schSeq1=2, schmSeq2=1, schmSeq1=1}]
[INFO ][2023-06-25 22:09:32]SCH_001 END !!!
[INFO ][2023-06-25 22:11:27]HikariPool-1 - Shutdown initiated...
[INFO ][2023-06-25 22:11:27]HikariPool-1 - Shutdown completed.
[INFO ][2023-06-25 22:11:30]Starting LightEproApplication using Java 1.8.0_371 on DOHA with PID 3320 (C:\Users\DOHA\Desktop\서야무\Spring\LightEpro\LightEpro\build\classes\java\main started by DOHA in C:\Users\DOHA\Desktop\서야무\Spring\LightEpro\LightEpro)
[INFO ][2023-06-25 22:11:30]No active profile set, falling back to 1 default profile: "default"
[INFO ][2023-06-25 22:11:31]Started LightEproApplication in 1.402 seconds (JVM running for 2.379)
[INFO ][2023-06-25 22:11:59]Starting LightEproApplication using Java 1.8.0_371 on DOHA with PID 19144 (C:\Users\DOHA\Desktop\서야무\Spring\LightEpro\LightEpro\build\classes\java\main started by DOHA in C:\Users\DOHA\Desktop\서야무\Spring\LightEpro\LightEpro)
[INFO ][2023-06-25 22:11:59]No active profile set, falling back to 1 default profile: "default"
[INFO ][2023-06-25 22:12:00]Started LightEproApplication in 1.371 seconds (JVM running for 2.338)
[INFO ][2023-06-25 22:12:12]SCH_001 START !!!
[INFO ][2023-06-25 22:12:12]SCH_001 REQUEST : {}
[INFO ][2023-06-25 22:12:13]HikariPool-1 - Starting...
[INFO ][2023-06-25 22:12:13]HikariPool-1 - Start completed.
[INFO ][2023-06-25 22:12:13]SCH_001 RETURN DATA : [{schSeq4=2, schSeq3=2, schmSeq=1, schmSeq4=1, schSeq2=2, schmSeq3=1, schSeq=2, schSeq1=2, schmSeq2=1, schmSeq1=1}]
[INFO ][2023-06-25 22:12:13]SCH_001 END !!!
[INFO ][2023-06-25 22:15:48]HikariPool-1 - Shutdown initiated...
[INFO ][2023-06-25 22:15:48]HikariPool-1 - Shutdown completed.
[INFO ][2023-06-25 22:15:51]Starting LightEproApplication using Java 1.8.0_371 on DOHA with PID 13040 (C:\Users\DOHA\Desktop\서야무\Spring\LightEpro\LightEpro\build\classes\java\main started by DOHA in C:\Users\DOHA\Desktop\서야무\Spring\LightEpro\LightEpro)
[INFO ][2023-06-25 22:15:51]No active profile set, falling back to 1 default profile: "default"
[INFO ][2023-06-25 22:15:52]Started LightEproApplication in 1.419 seconds (JVM running for 2.403)
[INFO ][2023-06-25 22:15:55]SCH_001 START !!!
[INFO ][2023-06-25 22:15:55]SCH_001 REQUEST : {FirstName=value}
[INFO ][2023-06-25 22:15:55]HikariPool-1 - Starting...
[INFO ][2023-06-25 22:15:55]HikariPool-1 - Start completed.
[INFO ][2023-06-25 22:15:55]SCH_001 RETURN DATA : [{schSeq4=2, schSeq3=2, schmSeq=1, schmSeq4=1, schSeq2=2, schmSeq3=1, schSeq=2, schSeq1=2, schmSeq2=1, schmSeq1=1}]
[INFO ][2023-06-25 22:15:55]SCH_001 END !!!
[INFO ][2023-06-25 22:16:57]HikariPool-1 - Shutdown initiated...
[INFO ][2023-06-25 22:16:57]HikariPool-1 - Shutdown completed.
[INFO ][2023-06-25 22:17:00]Starting LightEproApplication using Java 1.8.0_371 on DOHA with PID 10188 (C:\Users\DOHA\Desktop\서야무\Spring\LightEpro\LightEpro\build\classes\java\main started by DOHA in C:\Users\DOHA\Desktop\서야무\Spring\LightEpro\LightEpro)
[INFO ][2023-06-25 22:17:00]No active profile set, falling back to 1 default profile: "default"
[INFO ][2023-06-25 22:17:01]Started LightEproApplication in 1.384 seconds (JVM running for 2.351)
[INFO ][2023-06-25 23:00:08]Starting LightEproApplication using Java 1.8.0_371 on DOHA with PID 7460 (C:\Users\DOHA\Desktop\서야무\Spring\LightEpro\LightEpro\build\classes\java\main started by DOHA in C:\Users\DOHA\Desktop\서야무\Spring\LightEpro\LightEpro)
[INFO ][2023-06-25 23:00:08]No active profile set, falling back to 1 default profile: "default"
[INFO ][2023-06-25 23:00:09]Started LightEproApplication in 1.46 seconds (JVM running for 2.436)
[INFO ][2023-06-25 23:03:05]Starting LightEproApplication using Java 1.8.0_371 on DOHA with PID 26740 (C:\Users\DOHA\Desktop\서야무\Spring\LightEpro\LightEpro\build\classes\java\main started by DOHA in C:\Users\DOHA\Desktop\서야무\Spring\LightEpro\LightEpro)
[INFO ][2023-06-25 23:03:05]No active profile set, falling back to 1 default profile: "default"
[INFO ][2023-06-25 23:03:06]Started LightEproApplication in 1.405 seconds (JVM running for 2.358)
[INFO ][2023-06-25 23:03:14]SCH_000 START !!!
[INFO ][2023-06-25 23:03:14]SCH_000 REQUEST DATA : {schmSeq=0, schSeq=0, startDate=202306251310, endDate=202306251510, alldayYn=N, schTitle=테스트 데이터 입니다., schContent=테스트 내용 입니다., useYnd=Y, empSeq=1}
[INFO ][2023-06-25 23:03:14]HikariPool-1 - Starting...
[INFO ][2023-06-25 23:03:14]HikariPool-1 - Start completed.
[WARN ][2023-06-25 23:03:14]Error: 1064-42000: You have an error in your SQL syntax; check the manual that corresponds to your MariaDB server version for the right syntax to use near ''sch') from dual' at line 1
[ERROR][2023-06-25 23:03:14]org.springframework.jdbc.BadSqlGrammarException: 
### Error querying database.  Cause: java.sql.SQLSyntaxErrorException: (conn=175) You have an error in your SQL syntax; check the manual that corresponds to your MariaDB server version for the right syntax to use near ''sch') from dual' at line 1
### The error may exist in file [C:\Users\DOHA\Desktop\서야무\Spring\LightEpro\LightEpro\build\resources\main\mybatis\sch\SCH_XML_000.xml]
### The error may involve defaultParameterMap
### The error occurred while setting parameters
### SQL: select nextval('sch') from dual;
### Cause: java.sql.SQLSyntaxErrorException: (conn=175) You have an error in your SQL syntax; check the manual that corresponds to your MariaDB server version for the right syntax to use near ''sch') from dual' at line 1
; bad SQL grammar []; nested exception is java.sql.SQLSyntaxErrorException: (conn=175) You have an error in your SQL syntax; check the manual that corresponds to your MariaDB server version for the right syntax to use near ''sch') from dual' at line 1
[INFO ][2023-06-25 23:10:57]HikariPool-1 - Shutdown initiated...
[INFO ][2023-06-25 23:10:57]HikariPool-1 - Shutdown completed.
[INFO ][2023-06-25 23:11:00]Starting LightEproApplication using Java 1.8.0_371 on DOHA with PID 36048 (C:\Users\DOHA\Desktop\서야무\Spring\LightEpro\LightEpro\build\classes\java\main started by DOHA in C:\Users\DOHA\Desktop\서야무\Spring\LightEpro\LightEpro)
[INFO ][2023-06-25 23:11:00]No active profile set, falling back to 1 default profile: "default"
[INFO ][2023-06-25 23:11:01]Started LightEproApplication in 1.391 seconds (JVM running for 2.362)
[INFO ][2023-06-25 23:11:16]SCH_000 START !!!
[INFO ][2023-06-25 23:11:16]SCH_000 REQUEST DATA : {schmSeq=0, schSeq=0, startDate=202306251310, endDate=202306251510, alldayYn=N, schTitle=테스트 데이터 입니다., schContent=테스트 내용 입니다., useYnd=Y, empSeq=1, DB_NAME=practice}
[INFO ][2023-06-25 23:11:16]HikariPool-1 - Starting...
[INFO ][2023-06-25 23:11:16]HikariPool-1 - Start completed.
[WARN ][2023-06-25 23:11:16]Error: 1064-42000: You have an error in your SQL syntax; check the manual that corresponds to your MariaDB server version for the right syntax to use near '('sch') from dual' at line 1
[ERROR][2023-06-25 23:11:16]org.springframework.jdbc.BadSqlGrammarException: 
### Error querying database.  Cause: java.sql.SQLSyntaxErrorException: (conn=180) You have an error in your SQL syntax; check the manual that corresponds to your MariaDB server version for the right syntax to use near '('sch') from dual' at line 1
### The error may exist in file [C:\Users\DOHA\Desktop\서야무\Spring\LightEpro\LightEpro\build\resources\main\mybatis\sch\SCH_XML_000.xml]
### The error may involve defaultParameterMap
### The error occurred while setting parameters
### SQL: select .nextval('sch') from dual;
### Cause: java.sql.SQLSyntaxErrorException: (conn=180) You have an error in your SQL syntax; check the manual that corresponds to your MariaDB server version for the right syntax to use near '('sch') from dual' at line 1
; bad SQL grammar []; nested exception is java.sql.SQLSyntaxErrorException: (conn=180) You have an error in your SQL syntax; check the manual that corresponds to your MariaDB server version for the right syntax to use near '('sch') from dual' at line 1
[INFO ][2023-06-25 23:14:03]HikariPool-1 - Shutdown initiated...
[INFO ][2023-06-25 23:14:03]HikariPool-1 - Shutdown completed.
[INFO ][2023-06-25 23:14:07]Starting LightEproApplication using Java 1.8.0_371 on DOHA with PID 5520 (C:\Users\DOHA\Desktop\서야무\Spring\LightEpro\LightEpro\build\classes\java\main started by DOHA in C:\Users\DOHA\Desktop\서야무\Spring\LightEpro\LightEpro)
[INFO ][2023-06-25 23:14:07]No active profile set, falling back to 1 default profile: "default"
[INFO ][2023-06-25 23:14:08]Started LightEproApplication in 1.404 seconds (JVM running for 2.362)
[INFO ][2023-06-25 23:14:12]SCH_000 START !!!
[INFO ][2023-06-25 23:14:12]SCH_000 REQUEST DATA : {schmSeq=0, schSeq=0, startDate=202306251310, endDate=202306251510, alldayYn=N, schTitle=테스트 데이터 입니다., schContent=테스트 내용 입니다., useYnd=Y, empSeq=1, DB_NAME=practice}
[INFO ][2023-06-25 23:14:12]HikariPool-1 - Starting...
[INFO ][2023-06-25 23:14:12]HikariPool-1 - Start completed.
[WARN ][2023-06-25 23:14:12]Error: 1292-22007: Incorrect datetime value: '202306251310' for column `practice`.`t_sc_sch`.`START_DATE` at row 1
[ERROR][2023-06-25 23:14:12]org.springframework.jdbc.BadSqlGrammarException: 
### Error updating database.  Cause: java.sql.SQLSyntaxErrorException: (conn=184) Incorrect datetime value: '202306251310' for column `practice`.`t_sc_sch`.`START_DATE` at row 1
### The error may exist in file [C:\Users\DOHA\Desktop\서야무\Spring\LightEpro\LightEpro\build\resources\main\mybatis\sch\SCH_XML_000.xml]
### The error may involve defaultParameterMap
### The error occurred while setting parameters
### SQL: /* insertSingleSch */         INSERT INTO T_SC_SCH (SCHM_SEQ,                               SCH_SEQ,                               START_DATE,                               END_DATE,                               ALL_DAY_YN,                               SCH_TITLE,                               SCH_CONTENT,                               USE_YND,                               CREATE_DATE,                               CREATE_SEQ)         VALUES (?,                 ?,                 ?,                 ?,                 ?,                 ?,                 ?,                 ?,                 now(),                 ?)
### Cause: java.sql.SQLSyntaxErrorException: (conn=184) Incorrect datetime value: '202306251310' for column `practice`.`t_sc_sch`.`START_DATE` at row 1
; bad SQL grammar []; nested exception is java.sql.SQLSyntaxErrorException: (conn=184) Incorrect datetime value: '202306251310' for column `practice`.`t_sc_sch`.`START_DATE` at row 1
[INFO ][2023-06-25 23:17:42]HikariPool-1 - Shutdown initiated...
[INFO ][2023-06-25 23:17:42]HikariPool-1 - Shutdown completed.
[INFO ][2023-06-25 23:17:44]Starting LightEproApplication using Java 1.8.0_371 on DOHA with PID 37848 (C:\Users\DOHA\Desktop\서야무\Spring\LightEpro\LightEpro\build\classes\java\main started by DOHA in C:\Users\DOHA\Desktop\서야무\Spring\LightEpro\LightEpro)
[INFO ][2023-06-25 23:17:44]No active profile set, falling back to 1 default profile: "default"
[INFO ][2023-06-25 23:17:45]Started LightEproApplication in 1.391 seconds (JVM running for 2.377)
[INFO ][2023-06-25 23:17:50]SCH_000 START !!!
[INFO ][2023-06-25 23:17:50]SCH_000 REQUEST DATA : {schmSeq=0, schSeq=0, startDate=202306251310, endDate=202306251510, alldayYn=N, schTitle=테스트 데이터 입니다., schContent=테스트 내용 입니다., useYnd=Y, empSeq=1, DB_NAME=practice}
[INFO ][2023-06-25 23:17:50]HikariPool-1 - Starting...
[INFO ][2023-06-25 23:17:50]HikariPool-1 - Start completed.
[ERROR][2023-06-25 23:17:50]org.apache.ibatis.binding.BindingException: Mapper method 'com.example.LightEpro.sch.mapper.SCH_MAPPER_000.insertSingleSch' has an unsupported return type: interface java.util.Map
[INFO ][2023-06-25 23:20:50]HikariPool-1 - Shutdown initiated...
[INFO ][2023-06-25 23:20:50]HikariPool-1 - Shutdown completed.
[INFO ][2023-06-25 23:20:53]Starting LightEproApplication using Java 1.8.0_371 on DOHA with PID 35332 (C:\Users\DOHA\Desktop\서야무\Spring\LightEpro\LightEpro\build\classes\java\main started by DOHA in C:\Users\DOHA\Desktop\서야무\Spring\LightEpro\LightEpro)
[INFO ][2023-06-25 23:20:53]No active profile set, falling back to 1 default profile: "default"
[INFO ][2023-06-25 23:20:54]Started LightEproApplication in 1.403 seconds (JVM running for 2.368)
[INFO ][2023-06-25 23:21:02]SCH_000 START !!!
[INFO ][2023-06-25 23:21:02]SCH_000 REQUEST DATA : {schmSeq=0, schSeq=0, startDate=202306251310, endDate=202306251510, alldayYn=N, schTitle=테스트 데이터 입니다., schContent=테스트 내용 입니다., useYnd=Y, empSeq=1, DB_NAME=practice}
[INFO ][2023-06-25 23:21:02]HikariPool-1 - Starting...
[INFO ][2023-06-25 23:21:02]HikariPool-1 - Start completed.
[INFO ][2023-06-25 23:21:02]SCH_000 RETURN DATA : {schmSeq=4, schSeq=4}
[INFO ][2023-06-25 23:21:02]SCH_000 END !!!
[INFO ][2023-06-25 23:22:25]HikariPool-1 - Shutdown initiated...
[INFO ][2023-06-25 23:22:25]HikariPool-1 - Shutdown completed.
[INFO ][2023-06-25 23:23:19]Starting LightEproApplication using Java 1.8.0_371 on DOHA with PID 30128 (C:\Users\DOHA\Desktop\서야무\Spring\LightEpro\LightEpro\build\classes\java\main started by DOHA in C:\Users\DOHA\Desktop\서야무\Spring\LightEpro\LightEpro)
[INFO ][2023-06-25 23:23:19]No active profile set, falling back to 1 default profile: "default"
[INFO ][2023-06-25 23:23:20]Started LightEproApplication in 1.403 seconds (JVM running for 2.379)
[INFO ][2023-06-25 23:23:24]SCH_000 START !!!
[INFO ][2023-06-25 23:23:24]SCH_000 REQUEST DATA : {schmSeq=0, schSeq=0, startDate=202306251310, endDate=202306251510, alldayYn=N, schTitle=다혜랑 보인이랑, schContent=다혜가 옆에 앉아있어, useYnd=Y, empSeq=1, DB_NAME=practice}
[INFO ][2023-06-25 23:23:24]HikariPool-1 - Starting...
[INFO ][2023-06-25 23:23:24]HikariPool-1 - Start completed.
[INFO ][2023-06-25 23:23:24]SCH_000 RETURN DATA : {schmSeq=5, schSeq=5}
[INFO ][2023-06-25 23:23:24]SCH_000 END !!!
[INFO ][2023-06-25 23:24:07]HikariPool-1 - Shutdown initiated...
[INFO ][2023-06-25 23:24:07]HikariPool-1 - Shutdown completed.
